2022-10-09 15:07:52 [127.0.0.1][-][frlpkkdq1i0b7sillpr4rmrst2][error][Error] Error: Class "app\models\User" not found in /Users/g123udini/PhpstormProjects/1964541-task-force-4/1964541-task-force-4/vendor/yiisoft/yii2/web/User.php:698
Stack trace:
#0 /Users/g123udini/PhpstormProjects/1964541-task-force-4/1964541-task-force-4/vendor/yiisoft/yii2/web/User.php(199): yii\web\User->renewAuthStatus()
#1 /Users/g123udini/PhpstormProjects/1964541-task-force-4/1964541-task-force-4/vendor/yiisoft/yii2/web/User.php(367): yii\web\User->getIdentity()
#2 /Users/g123udini/PhpstormProjects/1964541-task-force-4/1964541-task-force-4/vendor/yiisoft/yii2/base/Component.php(139): yii\web\User->getIsGuest()
#3 /Users/g123udini/PhpstormProjects/1964541-task-force-4/1964541-task-force-4/vendor/yiisoft/yii2-debug/src/panels/UserPanel.php(83): yii\base\Component->__get('isGuest')
#4 /Users/g123udini/PhpstormProjects/1964541-task-force-4/1964541-task-force-4/vendor/yiisoft/yii2/base/BaseObject.php(109): yii\debug\panels\UserPanel->init()
#5 [internal function]: yii\base\BaseObject->__construct(Array)
#6 /Users/g123udini/PhpstormProjects/1964541-task-force-4/1964541-task-force-4/vendor/yiisoft/yii2/di/Container.php(419): ReflectionClass->newInstanceArgs(Array)
#7 /Users/g123udini/PhpstormProjects/1964541-task-force-4/1964541-task-force-4/vendor/yiisoft/yii2/di/Container.php(170): yii\di\Container->build('yii\\debug\\panel...', Array, Array)
#8 /Users/g123udini/PhpstormProjects/1964541-task-force-4/1964541-task-force-4/vendor/yiisoft/yii2/BaseYii.php(365): yii\di\Container->get('yii\\debug\\panel...', Array, Array)
#9 /Users/g123udini/PhpstormProjects/1964541-task-force-4/1964541-task-force-4/vendor/yiisoft/yii2-debug/src/Module.php(255): yii\BaseYii::createObject(Array)
#10 /Users/g123udini/PhpstormProjects/1964541-task-force-4/1964541-task-force-4/vendor/yiisoft/yii2-debug/src/Module.php(226): yii\debug\Module->initPanels()
#11 /Users/g123udini/PhpstormProjects/1964541-task-force-4/1964541-task-force-4/vendor/yiisoft/yii2/base/BaseObject.php(109): yii\debug\Module->init()
#12 /Users/g123udini/PhpstormProjects/1964541-task-force-4/1964541-task-force-4/vendor/yiisoft/yii2/base/Module.php(161): yii\base\BaseObject->__construct(Array)
#13 [internal function]: yii\base\Module->__construct('debug', Object(yii\web\Application), Array)
#14 /Users/g123udini/PhpstormProjects/1964541-task-force-4/1964541-task-force-4/vendor/yiisoft/yii2/di/Container.php(411): ReflectionClass->newInstanceArgs(Array)
#15 /Users/g123udini/PhpstormProjects/1964541-task-force-4/1964541-task-force-4/vendor/yiisoft/yii2/di/Container.php(170): yii\di\Container->build('yii\\debug\\Modul...', Array, Array)
#16 /Users/g123udini/PhpstormProjects/1964541-task-force-4/1964541-task-force-4/vendor/yiisoft/yii2/BaseYii.php(365): yii\di\Container->get('yii\\debug\\Modul...', Array, Array)
#17 /Users/g123udini/PhpstormProjects/1964541-task-force-4/1964541-task-force-4/vendor/yiisoft/yii2/base/Module.php(445): yii\BaseYii::createObject(Array, Array)
#18 /Users/g123udini/PhpstormProjects/1964541-task-force-4/1964541-task-force-4/vendor/yiisoft/yii2/base/Application.php(313): yii\base\Module->getModule('debug')
#19 /Users/g123udini/PhpstormProjects/1964541-task-force-4/1964541-task-force-4/vendor/yiisoft/yii2/web/Application.php(69): yii\base\Application->bootstrap()
#20 /Users/g123udini/PhpstormProjects/1964541-task-force-4/1964541-task-force-4/vendor/yiisoft/yii2/base/Application.php(271): yii\web\Application->bootstrap()
#21 /Users/g123udini/PhpstormProjects/1964541-task-force-4/1964541-task-force-4/vendor/yiisoft/yii2/base/BaseObject.php(109): yii\base\Application->init()
#22 /Users/g123udini/PhpstormProjects/1964541-task-force-4/1964541-task-force-4/vendor/yiisoft/yii2/base/Application.php(204): yii\base\BaseObject->__construct(Array)
#23 /Users/g123udini/PhpstormProjects/1964541-task-force-4/1964541-task-force-4/web/index.php(12): yii\base\Application->__construct(Array)
#24 {main}
2022-10-09 15:07:52 [127.0.0.1][-][frlpkkdq1i0b7sillpr4rmrst2][info][application] $_GET = []

$_POST = []

$_FILES = []

$_COOKIE = [
    'Phpstorm-6524a58a' => '5ae253d1-2850-4f81-97c0-efa9c1ff08be'
    'PHPSESSID' => 'frlpkkdq1i0b7sillpr4rmrst2'
    '_csrf' => '32ebb1ee2f7e24062b1e7a6a7ce68940954ee23897bbcc394212497ff9933b00a:2:{i:0;s:5:\"_csrf\";i:1;s:32:\"oGAjQd0pmP8S5oyax7W52IzwP7sErCwj\";}'
]

$_SESSION = [
    '__flash' => []
    '__returnUrl' => 'http://localhost:8080/task'
    '__id' => 3
    '__authKey' => null
]

$_SERVER = [
    'USER' => 'g123udini'
    'HOME' => '/Users/g123udini'
    'HTTP_COOKIE' => 'Phpstorm-6524a58a=5ae253d1-2850-4f81-97c0-efa9c1ff08be; PHPSESSID=frlpkkdq1i0b7sillpr4rmrst2; _csrf=32ebb1ee2f7e24062b1e7a6a7ce68940954ee23897bbcc394212497ff9933b00a%3A2%3A%7Bi%3A0%3Bs%3A5%3A%22_csrf%22%3Bi%3A1%3Bs%3A32%3A%22oGAjQd0pmP8S5oyax7W52IzwP7sErCwj%22%3B%7D'
    'HTTP_ACCEPT_LANGUAGE' => 'ru-RU,ru;q=0.9,en-US;q=0.8,en;q=0.7'
    'HTTP_ACCEPT_ENCODING' => 'gzip, deflate, br'
    'HTTP_REFERER' => 'http://localhost:8080/task/index?page=3&per-page=5'
    'HTTP_SEC_FETCH_DEST' => 'document'
    'HTTP_SEC_FETCH_USER' => '?1'
    'HTTP_SEC_FETCH_MODE' => 'navigate'
    'HTTP_SEC_FETCH_SITE' => 'same-origin'
    'HTTP_ACCEPT' => 'text/html,application/xhtml+xml,application/xml;q=0.9,image/avif,image/webp,image/apng,*/*;q=0.8,application/signed-exchange;v=b3;q=0.9'
    'HTTP_USER_AGENT' => 'Mozilla/5.0 (Macintosh; Intel Mac OS X 10_15_7) AppleWebKit/537.36 (KHTML, like Gecko) Chrome/104.0.0.0 Safari/537.36'
    'HTTP_UPGRADE_INSECURE_REQUESTS' => '1'
    'HTTP_SEC_CH_UA_PLATFORM' => '\"macOS\"'
    'HTTP_SEC_CH_UA_MOBILE' => '?0'
    'HTTP_SEC_CH_UA' => '\"Chromium\";v=\"104\", \" Not A;Brand\";v=\"99\", \"Google Chrome\";v=\"104\"'
    'HTTP_CACHE_CONTROL' => 'max-age=0'
    'HTTP_CONNECTION' => 'keep-alive'
    'HTTP_HOST' => 'localhost:8080'
    'SCRIPT_FILENAME' => '/Users/g123udini/PhpstormProjects/1964541-task-force-4/1964541-task-force-4/web/index.php'
    'PATH_INFO' => ''
    'REDIRECT_STATUS' => '200'
    'SERVER_NAME' => 'localhost'
    'SERVER_PORT' => '8080'
    'SERVER_ADDR' => '127.0.0.1'
    'REMOTE_PORT' => '57744'
    'REMOTE_ADDR' => '127.0.0.1'
    'SERVER_SOFTWARE' => 'nginx/1.21.6'
    'GATEWAY_INTERFACE' => 'CGI/1.1'
    'REQUEST_SCHEME' => 'http'
    'SERVER_PROTOCOL' => 'HTTP/1.1'
    'DOCUMENT_ROOT' => '/Users/g123udini/PhpstormProjects/1964541-task-force-4/1964541-task-force-4/web'
    'DOCUMENT_URI' => '/index.php'
    'REQUEST_URI' => '/task/view/24'
    'SCRIPT_NAME' => '/index.php'
    'CONTENT_LENGTH' => ''
    'CONTENT_TYPE' => ''
    'REQUEST_METHOD' => 'GET'
    'QUERY_STRING' => ''
    'FCGI_ROLE' => 'RESPONDER'
    'PHP_SELF' => '/index.php'
    'REQUEST_TIME_FLOAT' => 1665328072.0587
    'REQUEST_TIME' => 1665328072
]
2022-10-09 15:07:57 [127.0.0.1][-][frlpkkdq1i0b7sillpr4rmrst2][error][Error] Error: Class "app\models\User" not found in /Users/g123udini/PhpstormProjects/1964541-task-force-4/1964541-task-force-4/vendor/yiisoft/yii2/web/User.php:698
Stack trace:
#0 /Users/g123udini/PhpstormProjects/1964541-task-force-4/1964541-task-force-4/vendor/yiisoft/yii2/web/User.php(199): yii\web\User->renewAuthStatus()
#1 /Users/g123udini/PhpstormProjects/1964541-task-force-4/1964541-task-force-4/vendor/yiisoft/yii2/web/User.php(367): yii\web\User->getIdentity()
#2 /Users/g123udini/PhpstormProjects/1964541-task-force-4/1964541-task-force-4/vendor/yiisoft/yii2/base/Component.php(139): yii\web\User->getIsGuest()
#3 /Users/g123udini/PhpstormProjects/1964541-task-force-4/1964541-task-force-4/vendor/yiisoft/yii2-debug/src/panels/UserPanel.php(83): yii\base\Component->__get('isGuest')
#4 /Users/g123udini/PhpstormProjects/1964541-task-force-4/1964541-task-force-4/vendor/yiisoft/yii2/base/BaseObject.php(109): yii\debug\panels\UserPanel->init()
#5 [internal function]: yii\base\BaseObject->__construct(Array)
#6 /Users/g123udini/PhpstormProjects/1964541-task-force-4/1964541-task-force-4/vendor/yiisoft/yii2/di/Container.php(419): ReflectionClass->newInstanceArgs(Array)
#7 /Users/g123udini/PhpstormProjects/1964541-task-force-4/1964541-task-force-4/vendor/yiisoft/yii2/di/Container.php(170): yii\di\Container->build('yii\\debug\\panel...', Array, Array)
#8 /Users/g123udini/PhpstormProjects/1964541-task-force-4/1964541-task-force-4/vendor/yiisoft/yii2/BaseYii.php(365): yii\di\Container->get('yii\\debug\\panel...', Array, Array)
#9 /Users/g123udini/PhpstormProjects/1964541-task-force-4/1964541-task-force-4/vendor/yiisoft/yii2-debug/src/Module.php(255): yii\BaseYii::createObject(Array)
#10 /Users/g123udini/PhpstormProjects/1964541-task-force-4/1964541-task-force-4/vendor/yiisoft/yii2-debug/src/Module.php(226): yii\debug\Module->initPanels()
#11 /Users/g123udini/PhpstormProjects/1964541-task-force-4/1964541-task-force-4/vendor/yiisoft/yii2/base/BaseObject.php(109): yii\debug\Module->init()
#12 /Users/g123udini/PhpstormProjects/1964541-task-force-4/1964541-task-force-4/vendor/yiisoft/yii2/base/Module.php(161): yii\base\BaseObject->__construct(Array)
#13 [internal function]: yii\base\Module->__construct('debug', Object(yii\web\Application), Array)
#14 /Users/g123udini/PhpstormProjects/1964541-task-force-4/1964541-task-force-4/vendor/yiisoft/yii2/di/Container.php(411): ReflectionClass->newInstanceArgs(Array)
#15 /Users/g123udini/PhpstormProjects/1964541-task-force-4/1964541-task-force-4/vendor/yiisoft/yii2/di/Container.php(170): yii\di\Container->build('yii\\debug\\Modul...', Array, Array)
#16 /Users/g123udini/PhpstormProjects/1964541-task-force-4/1964541-task-force-4/vendor/yiisoft/yii2/BaseYii.php(365): yii\di\Container->get('yii\\debug\\Modul...', Array, Array)
#17 /Users/g123udini/PhpstormProjects/1964541-task-force-4/1964541-task-force-4/vendor/yiisoft/yii2/base/Module.php(445): yii\BaseYii::createObject(Array, Array)
#18 /Users/g123udini/PhpstormProjects/1964541-task-force-4/1964541-task-force-4/vendor/yiisoft/yii2/base/Application.php(313): yii\base\Module->getModule('debug')
#19 /Users/g123udini/PhpstormProjects/1964541-task-force-4/1964541-task-force-4/vendor/yiisoft/yii2/web/Application.php(69): yii\base\Application->bootstrap()
#20 /Users/g123udini/PhpstormProjects/1964541-task-force-4/1964541-task-force-4/vendor/yiisoft/yii2/base/Application.php(271): yii\web\Application->bootstrap()
#21 /Users/g123udini/PhpstormProjects/1964541-task-force-4/1964541-task-force-4/vendor/yiisoft/yii2/base/BaseObject.php(109): yii\base\Application->init()
#22 /Users/g123udini/PhpstormProjects/1964541-task-force-4/1964541-task-force-4/vendor/yiisoft/yii2/base/Application.php(204): yii\base\BaseObject->__construct(Array)
#23 /Users/g123udini/PhpstormProjects/1964541-task-force-4/1964541-task-force-4/web/index.php(12): yii\base\Application->__construct(Array)
#24 {main}
2022-10-09 15:07:57 [127.0.0.1][-][frlpkkdq1i0b7sillpr4rmrst2][info][application] $_GET = [
    'page' => '3'
    'per-page' => '5'
]

$_POST = []

$_FILES = []

$_COOKIE = [
    'Phpstorm-6524a58a' => '5ae253d1-2850-4f81-97c0-efa9c1ff08be'
    'PHPSESSID' => 'frlpkkdq1i0b7sillpr4rmrst2'
    '_csrf' => '32ebb1ee2f7e24062b1e7a6a7ce68940954ee23897bbcc394212497ff9933b00a:2:{i:0;s:5:\"_csrf\";i:1;s:32:\"oGAjQd0pmP8S5oyax7W52IzwP7sErCwj\";}'
]

$_SESSION = [
    '__flash' => []
    '__returnUrl' => 'http://localhost:8080/task'
    '__id' => 3
    '__authKey' => null
]

$_SERVER = [
    'USER' => 'g123udini'
    'HOME' => '/Users/g123udini'
    'HTTP_COOKIE' => 'Phpstorm-6524a58a=5ae253d1-2850-4f81-97c0-efa9c1ff08be; PHPSESSID=frlpkkdq1i0b7sillpr4rmrst2; _csrf=32ebb1ee2f7e24062b1e7a6a7ce68940954ee23897bbcc394212497ff9933b00a%3A2%3A%7Bi%3A0%3Bs%3A5%3A%22_csrf%22%3Bi%3A1%3Bs%3A32%3A%22oGAjQd0pmP8S5oyax7W52IzwP7sErCwj%22%3B%7D'
    'HTTP_ACCEPT_LANGUAGE' => 'ru-RU,ru;q=0.9,en-US;q=0.8,en;q=0.7'
    'HTTP_ACCEPT_ENCODING' => 'gzip, deflate, br'
    'HTTP_REFERER' => 'http://localhost:8080/task/index'
    'HTTP_SEC_FETCH_DEST' => 'document'
    'HTTP_SEC_FETCH_MODE' => 'navigate'
    'HTTP_SEC_FETCH_SITE' => 'same-origin'
    'HTTP_ACCEPT' => 'text/html,application/xhtml+xml,application/xml;q=0.9,image/avif,image/webp,image/apng,*/*;q=0.8,application/signed-exchange;v=b3;q=0.9'
    'HTTP_USER_AGENT' => 'Mozilla/5.0 (Macintosh; Intel Mac OS X 10_15_7) AppleWebKit/537.36 (KHTML, like Gecko) Chrome/104.0.0.0 Safari/537.36'
    'HTTP_UPGRADE_INSECURE_REQUESTS' => '1'
    'HTTP_SEC_CH_UA_PLATFORM' => '\"macOS\"'
    'HTTP_SEC_CH_UA_MOBILE' => '?0'
    'HTTP_SEC_CH_UA' => '\"Chromium\";v=\"104\", \" Not A;Brand\";v=\"99\", \"Google Chrome\";v=\"104\"'
    'HTTP_CONNECTION' => 'keep-alive'
    'HTTP_HOST' => 'localhost:8080'
    'SCRIPT_FILENAME' => '/Users/g123udini/PhpstormProjects/1964541-task-force-4/1964541-task-force-4/web/index.php'
    'PATH_INFO' => ''
    'REDIRECT_STATUS' => '200'
    'SERVER_NAME' => 'localhost'
    'SERVER_PORT' => '8080'
    'SERVER_ADDR' => '127.0.0.1'
    'REMOTE_PORT' => '57744'
    'REMOTE_ADDR' => '127.0.0.1'
    'SERVER_SOFTWARE' => 'nginx/1.21.6'
    'GATEWAY_INTERFACE' => 'CGI/1.1'
    'REQUEST_SCHEME' => 'http'
    'SERVER_PROTOCOL' => 'HTTP/1.1'
    'DOCUMENT_ROOT' => '/Users/g123udini/PhpstormProjects/1964541-task-force-4/1964541-task-force-4/web'
    'DOCUMENT_URI' => '/index.php'
    'REQUEST_URI' => '/task/index?page=3&per-page=5'
    'SCRIPT_NAME' => '/index.php'
    'CONTENT_LENGTH' => ''
    'CONTENT_TYPE' => ''
    'REQUEST_METHOD' => 'GET'
    'QUERY_STRING' => 'page=3&per-page=5'
    'FCGI_ROLE' => 'RESPONDER'
    'PHP_SELF' => '/index.php'
    'REQUEST_TIME_FLOAT' => 1665328077.6121
    'REQUEST_TIME' => 1665328077
]
2022-10-09 15:07:58 [127.0.0.1][-][frlpkkdq1i0b7sillpr4rmrst2][error][Error] Error: Class "app\models\User" not found in /Users/g123udini/PhpstormProjects/1964541-task-force-4/1964541-task-force-4/vendor/yiisoft/yii2/web/User.php:698
Stack trace:
#0 /Users/g123udini/PhpstormProjects/1964541-task-force-4/1964541-task-force-4/vendor/yiisoft/yii2/web/User.php(199): yii\web\User->renewAuthStatus()
#1 /Users/g123udini/PhpstormProjects/1964541-task-force-4/1964541-task-force-4/vendor/yiisoft/yii2/web/User.php(367): yii\web\User->getIdentity()
#2 /Users/g123udini/PhpstormProjects/1964541-task-force-4/1964541-task-force-4/vendor/yiisoft/yii2/base/Component.php(139): yii\web\User->getIsGuest()
#3 /Users/g123udini/PhpstormProjects/1964541-task-force-4/1964541-task-force-4/vendor/yiisoft/yii2-debug/src/panels/UserPanel.php(83): yii\base\Component->__get('isGuest')
#4 /Users/g123udini/PhpstormProjects/1964541-task-force-4/1964541-task-force-4/vendor/yiisoft/yii2/base/BaseObject.php(109): yii\debug\panels\UserPanel->init()
#5 [internal function]: yii\base\BaseObject->__construct(Array)
#6 /Users/g123udini/PhpstormProjects/1964541-task-force-4/1964541-task-force-4/vendor/yiisoft/yii2/di/Container.php(419): ReflectionClass->newInstanceArgs(Array)
#7 /Users/g123udini/PhpstormProjects/1964541-task-force-4/1964541-task-force-4/vendor/yiisoft/yii2/di/Container.php(170): yii\di\Container->build('yii\\debug\\panel...', Array, Array)
#8 /Users/g123udini/PhpstormProjects/1964541-task-force-4/1964541-task-force-4/vendor/yiisoft/yii2/BaseYii.php(365): yii\di\Container->get('yii\\debug\\panel...', Array, Array)
#9 /Users/g123udini/PhpstormProjects/1964541-task-force-4/1964541-task-force-4/vendor/yiisoft/yii2-debug/src/Module.php(255): yii\BaseYii::createObject(Array)
#10 /Users/g123udini/PhpstormProjects/1964541-task-force-4/1964541-task-force-4/vendor/yiisoft/yii2-debug/src/Module.php(226): yii\debug\Module->initPanels()
#11 /Users/g123udini/PhpstormProjects/1964541-task-force-4/1964541-task-force-4/vendor/yiisoft/yii2/base/BaseObject.php(109): yii\debug\Module->init()
#12 /Users/g123udini/PhpstormProjects/1964541-task-force-4/1964541-task-force-4/vendor/yiisoft/yii2/base/Module.php(161): yii\base\BaseObject->__construct(Array)
#13 [internal function]: yii\base\Module->__construct('debug', Object(yii\web\Application), Array)
#14 /Users/g123udini/PhpstormProjects/1964541-task-force-4/1964541-task-force-4/vendor/yiisoft/yii2/di/Container.php(411): ReflectionClass->newInstanceArgs(Array)
#15 /Users/g123udini/PhpstormProjects/1964541-task-force-4/1964541-task-force-4/vendor/yiisoft/yii2/di/Container.php(170): yii\di\Container->build('yii\\debug\\Modul...', Array, Array)
#16 /Users/g123udini/PhpstormProjects/1964541-task-force-4/1964541-task-force-4/vendor/yiisoft/yii2/BaseYii.php(365): yii\di\Container->get('yii\\debug\\Modul...', Array, Array)
#17 /Users/g123udini/PhpstormProjects/1964541-task-force-4/1964541-task-force-4/vendor/yiisoft/yii2/base/Module.php(445): yii\BaseYii::createObject(Array, Array)
#18 /Users/g123udini/PhpstormProjects/1964541-task-force-4/1964541-task-force-4/vendor/yiisoft/yii2/base/Application.php(313): yii\base\Module->getModule('debug')
#19 /Users/g123udini/PhpstormProjects/1964541-task-force-4/1964541-task-force-4/vendor/yiisoft/yii2/web/Application.php(69): yii\base\Application->bootstrap()
#20 /Users/g123udini/PhpstormProjects/1964541-task-force-4/1964541-task-force-4/vendor/yiisoft/yii2/base/Application.php(271): yii\web\Application->bootstrap()
#21 /Users/g123udini/PhpstormProjects/1964541-task-force-4/1964541-task-force-4/vendor/yiisoft/yii2/base/BaseObject.php(109): yii\base\Application->init()
#22 /Users/g123udini/PhpstormProjects/1964541-task-force-4/1964541-task-force-4/vendor/yiisoft/yii2/base/Application.php(204): yii\base\BaseObject->__construct(Array)
#23 /Users/g123udini/PhpstormProjects/1964541-task-force-4/1964541-task-force-4/web/index.php(12): yii\base\Application->__construct(Array)
#24 {main}
2022-10-09 15:07:58 [127.0.0.1][-][frlpkkdq1i0b7sillpr4rmrst2][info][application] $_GET = []

$_POST = []

$_FILES = []

$_COOKIE = [
    'Phpstorm-6524a58a' => '5ae253d1-2850-4f81-97c0-efa9c1ff08be'
    'PHPSESSID' => 'frlpkkdq1i0b7sillpr4rmrst2'
    '_csrf' => '32ebb1ee2f7e24062b1e7a6a7ce68940954ee23897bbcc394212497ff9933b00a:2:{i:0;s:5:\"_csrf\";i:1;s:32:\"oGAjQd0pmP8S5oyax7W52IzwP7sErCwj\";}'
]

$_SESSION = [
    '__flash' => []
    '__returnUrl' => 'http://localhost:8080/task'
    '__id' => 3
    '__authKey' => null
]

$_SERVER = [
    'USER' => 'g123udini'
    'HOME' => '/Users/g123udini'
    'HTTP_COOKIE' => 'Phpstorm-6524a58a=5ae253d1-2850-4f81-97c0-efa9c1ff08be; PHPSESSID=frlpkkdq1i0b7sillpr4rmrst2; _csrf=32ebb1ee2f7e24062b1e7a6a7ce68940954ee23897bbcc394212497ff9933b00a%3A2%3A%7Bi%3A0%3Bs%3A5%3A%22_csrf%22%3Bi%3A1%3Bs%3A32%3A%22oGAjQd0pmP8S5oyax7W52IzwP7sErCwj%22%3B%7D'
    'HTTP_ACCEPT_LANGUAGE' => 'ru-RU,ru;q=0.9,en-US;q=0.8,en;q=0.7'
    'HTTP_ACCEPT_ENCODING' => 'gzip, deflate, br'
    'HTTP_REFERER' => 'http://localhost:8080/task/view/5'
    'HTTP_SEC_FETCH_DEST' => 'document'
    'HTTP_SEC_FETCH_MODE' => 'navigate'
    'HTTP_SEC_FETCH_SITE' => 'same-origin'
    'HTTP_ACCEPT' => 'text/html,application/xhtml+xml,application/xml;q=0.9,image/avif,image/webp,image/apng,*/*;q=0.8,application/signed-exchange;v=b3;q=0.9'
    'HTTP_USER_AGENT' => 'Mozilla/5.0 (Macintosh; Intel Mac OS X 10_15_7) AppleWebKit/537.36 (KHTML, like Gecko) Chrome/104.0.0.0 Safari/537.36'
    'HTTP_UPGRADE_INSECURE_REQUESTS' => '1'
    'HTTP_SEC_CH_UA_PLATFORM' => '\"macOS\"'
    'HTTP_SEC_CH_UA_MOBILE' => '?0'
    'HTTP_SEC_CH_UA' => '\"Chromium\";v=\"104\", \" Not A;Brand\";v=\"99\", \"Google Chrome\";v=\"104\"'
    'HTTP_CONNECTION' => 'keep-alive'
    'HTTP_HOST' => 'localhost:8080'
    'SCRIPT_FILENAME' => '/Users/g123udini/PhpstormProjects/1964541-task-force-4/1964541-task-force-4/web/index.php'
    'PATH_INFO' => ''
    'REDIRECT_STATUS' => '200'
    'SERVER_NAME' => 'localhost'
    'SERVER_PORT' => '8080'
    'SERVER_ADDR' => '127.0.0.1'
    'REMOTE_PORT' => '57744'
    'REMOTE_ADDR' => '127.0.0.1'
    'SERVER_SOFTWARE' => 'nginx/1.21.6'
    'GATEWAY_INTERFACE' => 'CGI/1.1'
    'REQUEST_SCHEME' => 'http'
    'SERVER_PROTOCOL' => 'HTTP/1.1'
    'DOCUMENT_ROOT' => '/Users/g123udini/PhpstormProjects/1964541-task-force-4/1964541-task-force-4/web'
    'DOCUMENT_URI' => '/index.php'
    'REQUEST_URI' => '/task/index'
    'SCRIPT_NAME' => '/index.php'
    'CONTENT_LENGTH' => ''
    'CONTENT_TYPE' => ''
    'REQUEST_METHOD' => 'GET'
    'QUERY_STRING' => ''
    'FCGI_ROLE' => 'RESPONDER'
    'PHP_SELF' => '/index.php'
    'REQUEST_TIME_FLOAT' => 1665328078.3636
    'REQUEST_TIME' => 1665328078
]
2022-10-09 15:08:06 [127.0.0.1][-][frlpkkdq1i0b7sillpr4rmrst2][error][Error] Error: Class "app\models\User" not found in /Users/g123udini/PhpstormProjects/1964541-task-force-4/1964541-task-force-4/vendor/yiisoft/yii2/web/User.php:698
Stack trace:
#0 /Users/g123udini/PhpstormProjects/1964541-task-force-4/1964541-task-force-4/vendor/yiisoft/yii2/web/User.php(199): yii\web\User->renewAuthStatus()
#1 /Users/g123udini/PhpstormProjects/1964541-task-force-4/1964541-task-force-4/vendor/yiisoft/yii2/web/User.php(367): yii\web\User->getIdentity()
#2 /Users/g123udini/PhpstormProjects/1964541-task-force-4/1964541-task-force-4/vendor/yiisoft/yii2/base/Component.php(139): yii\web\User->getIsGuest()
#3 /Users/g123udini/PhpstormProjects/1964541-task-force-4/1964541-task-force-4/vendor/yiisoft/yii2-debug/src/panels/UserPanel.php(83): yii\base\Component->__get('isGuest')
#4 /Users/g123udini/PhpstormProjects/1964541-task-force-4/1964541-task-force-4/vendor/yiisoft/yii2/base/BaseObject.php(109): yii\debug\panels\UserPanel->init()
#5 [internal function]: yii\base\BaseObject->__construct(Array)
#6 /Users/g123udini/PhpstormProjects/1964541-task-force-4/1964541-task-force-4/vendor/yiisoft/yii2/di/Container.php(419): ReflectionClass->newInstanceArgs(Array)
#7 /Users/g123udini/PhpstormProjects/1964541-task-force-4/1964541-task-force-4/vendor/yiisoft/yii2/di/Container.php(170): yii\di\Container->build('yii\\debug\\panel...', Array, Array)
#8 /Users/g123udini/PhpstormProjects/1964541-task-force-4/1964541-task-force-4/vendor/yiisoft/yii2/BaseYii.php(365): yii\di\Container->get('yii\\debug\\panel...', Array, Array)
#9 /Users/g123udini/PhpstormProjects/1964541-task-force-4/1964541-task-force-4/vendor/yiisoft/yii2-debug/src/Module.php(255): yii\BaseYii::createObject(Array)
#10 /Users/g123udini/PhpstormProjects/1964541-task-force-4/1964541-task-force-4/vendor/yiisoft/yii2-debug/src/Module.php(226): yii\debug\Module->initPanels()
#11 /Users/g123udini/PhpstormProjects/1964541-task-force-4/1964541-task-force-4/vendor/yiisoft/yii2/base/BaseObject.php(109): yii\debug\Module->init()
#12 /Users/g123udini/PhpstormProjects/1964541-task-force-4/1964541-task-force-4/vendor/yiisoft/yii2/base/Module.php(161): yii\base\BaseObject->__construct(Array)
#13 [internal function]: yii\base\Module->__construct('debug', Object(yii\web\Application), Array)
#14 /Users/g123udini/PhpstormProjects/1964541-task-force-4/1964541-task-force-4/vendor/yiisoft/yii2/di/Container.php(411): ReflectionClass->newInstanceArgs(Array)
#15 /Users/g123udini/PhpstormProjects/1964541-task-force-4/1964541-task-force-4/vendor/yiisoft/yii2/di/Container.php(170): yii\di\Container->build('yii\\debug\\Modul...', Array, Array)
#16 /Users/g123udini/PhpstormProjects/1964541-task-force-4/1964541-task-force-4/vendor/yiisoft/yii2/BaseYii.php(365): yii\di\Container->get('yii\\debug\\Modul...', Array, Array)
#17 /Users/g123udini/PhpstormProjects/1964541-task-force-4/1964541-task-force-4/vendor/yiisoft/yii2/base/Module.php(445): yii\BaseYii::createObject(Array, Array)
#18 /Users/g123udini/PhpstormProjects/1964541-task-force-4/1964541-task-force-4/vendor/yiisoft/yii2/base/Application.php(313): yii\base\Module->getModule('debug')
#19 /Users/g123udini/PhpstormProjects/1964541-task-force-4/1964541-task-force-4/vendor/yiisoft/yii2/web/Application.php(69): yii\base\Application->bootstrap()
#20 /Users/g123udini/PhpstormProjects/1964541-task-force-4/1964541-task-force-4/vendor/yiisoft/yii2/base/Application.php(271): yii\web\Application->bootstrap()
#21 /Users/g123udini/PhpstormProjects/1964541-task-force-4/1964541-task-force-4/vendor/yiisoft/yii2/base/BaseObject.php(109): yii\base\Application->init()
#22 /Users/g123udini/PhpstormProjects/1964541-task-force-4/1964541-task-force-4/vendor/yiisoft/yii2/base/Application.php(204): yii\base\BaseObject->__construct(Array)
#23 /Users/g123udini/PhpstormProjects/1964541-task-force-4/1964541-task-force-4/web/index.php(12): yii\base\Application->__construct(Array)
#24 {main}
2022-10-09 15:08:06 [127.0.0.1][-][frlpkkdq1i0b7sillpr4rmrst2][info][application] $_GET = []

$_POST = []

$_FILES = []

$_COOKIE = [
    'Phpstorm-6524a58a' => '5ae253d1-2850-4f81-97c0-efa9c1ff08be'
    'PHPSESSID' => 'frlpkkdq1i0b7sillpr4rmrst2'
    '_csrf' => '32ebb1ee2f7e24062b1e7a6a7ce68940954ee23897bbcc394212497ff9933b00a:2:{i:0;s:5:\"_csrf\";i:1;s:32:\"oGAjQd0pmP8S5oyax7W52IzwP7sErCwj\";}'
]

$_SESSION = [
    '__flash' => []
    '__returnUrl' => 'http://localhost:8080/task'
    '__id' => 3
    '__authKey' => null
]

$_SERVER = [
    'USER' => 'g123udini'
    'HOME' => '/Users/g123udini'
    'HTTP_COOKIE' => 'Phpstorm-6524a58a=5ae253d1-2850-4f81-97c0-efa9c1ff08be; PHPSESSID=frlpkkdq1i0b7sillpr4rmrst2; _csrf=32ebb1ee2f7e24062b1e7a6a7ce68940954ee23897bbcc394212497ff9933b00a%3A2%3A%7Bi%3A0%3Bs%3A5%3A%22_csrf%22%3Bi%3A1%3Bs%3A32%3A%22oGAjQd0pmP8S5oyax7W52IzwP7sErCwj%22%3B%7D'
    'HTTP_ACCEPT_LANGUAGE' => 'ru-RU,ru;q=0.9,en-US;q=0.8,en;q=0.7'
    'HTTP_ACCEPT_ENCODING' => 'gzip, deflate, br'
    'HTTP_SEC_FETCH_DEST' => 'document'
    'HTTP_SEC_FETCH_USER' => '?1'
    'HTTP_SEC_FETCH_MODE' => 'navigate'
    'HTTP_SEC_FETCH_SITE' => 'none'
    'HTTP_PURPOSE' => 'prefetch'
    'HTTP_ACCEPT' => 'text/html,application/xhtml+xml,application/xml;q=0.9,image/avif,image/webp,image/apng,*/*;q=0.8,application/signed-exchange;v=b3;q=0.9'
    'HTTP_USER_AGENT' => 'Mozilla/5.0 (Macintosh; Intel Mac OS X 10_15_7) AppleWebKit/537.36 (KHTML, like Gecko) Chrome/104.0.0.0 Safari/537.36'
    'HTTP_UPGRADE_INSECURE_REQUESTS' => '1'
    'HTTP_SEC_CH_UA_PLATFORM' => '\"macOS\"'
    'HTTP_SEC_CH_UA_MOBILE' => '?0'
    'HTTP_SEC_CH_UA' => '\"Chromium\";v=\"104\", \" Not A;Brand\";v=\"99\", \"Google Chrome\";v=\"104\"'
    'HTTP_CONNECTION' => 'keep-alive'
    'HTTP_HOST' => 'localhost:8080'
    'SCRIPT_FILENAME' => '/Users/g123udini/PhpstormProjects/1964541-task-force-4/1964541-task-force-4/web/index.php'
    'PATH_INFO' => ''
    'REDIRECT_STATUS' => '200'
    'SERVER_NAME' => 'localhost'
    'SERVER_PORT' => '8080'
    'SERVER_ADDR' => '127.0.0.1'
    'REMOTE_PORT' => '57744'
    'REMOTE_ADDR' => '127.0.0.1'
    'SERVER_SOFTWARE' => 'nginx/1.21.6'
    'GATEWAY_INTERFACE' => 'CGI/1.1'
    'REQUEST_SCHEME' => 'http'
    'SERVER_PROTOCOL' => 'HTTP/1.1'
    'DOCUMENT_ROOT' => '/Users/g123udini/PhpstormProjects/1964541-task-force-4/1964541-task-force-4/web'
    'DOCUMENT_URI' => '/index.php'
    'REQUEST_URI' => '/login'
    'SCRIPT_NAME' => '/index.php'
    'CONTENT_LENGTH' => ''
    'CONTENT_TYPE' => ''
    'REQUEST_METHOD' => 'GET'
    'QUERY_STRING' => ''
    'FCGI_ROLE' => 'RESPONDER'
    'PHP_SELF' => '/index.php'
    'REQUEST_TIME_FLOAT' => 1665328086.0269
    'REQUEST_TIME' => 1665328086
]
2022-10-09 15:08:06 [127.0.0.1][-][frlpkkdq1i0b7sillpr4rmrst2][error][Error] Error: Class "app\models\User" not found in /Users/g123udini/PhpstormProjects/1964541-task-force-4/1964541-task-force-4/vendor/yiisoft/yii2/web/User.php:698
Stack trace:
#0 /Users/g123udini/PhpstormProjects/1964541-task-force-4/1964541-task-force-4/vendor/yiisoft/yii2/web/User.php(199): yii\web\User->renewAuthStatus()
#1 /Users/g123udini/PhpstormProjects/1964541-task-force-4/1964541-task-force-4/vendor/yiisoft/yii2/web/User.php(367): yii\web\User->getIdentity()
#2 /Users/g123udini/PhpstormProjects/1964541-task-force-4/1964541-task-force-4/vendor/yiisoft/yii2/base/Component.php(139): yii\web\User->getIsGuest()
#3 /Users/g123udini/PhpstormProjects/1964541-task-force-4/1964541-task-force-4/vendor/yiisoft/yii2-debug/src/panels/UserPanel.php(83): yii\base\Component->__get('isGuest')
#4 /Users/g123udini/PhpstormProjects/1964541-task-force-4/1964541-task-force-4/vendor/yiisoft/yii2/base/BaseObject.php(109): yii\debug\panels\UserPanel->init()
#5 [internal function]: yii\base\BaseObject->__construct(Array)
#6 /Users/g123udini/PhpstormProjects/1964541-task-force-4/1964541-task-force-4/vendor/yiisoft/yii2/di/Container.php(419): ReflectionClass->newInstanceArgs(Array)
#7 /Users/g123udini/PhpstormProjects/1964541-task-force-4/1964541-task-force-4/vendor/yiisoft/yii2/di/Container.php(170): yii\di\Container->build('yii\\debug\\panel...', Array, Array)
#8 /Users/g123udini/PhpstormProjects/1964541-task-force-4/1964541-task-force-4/vendor/yiisoft/yii2/BaseYii.php(365): yii\di\Container->get('yii\\debug\\panel...', Array, Array)
#9 /Users/g123udini/PhpstormProjects/1964541-task-force-4/1964541-task-force-4/vendor/yiisoft/yii2-debug/src/Module.php(255): yii\BaseYii::createObject(Array)
#10 /Users/g123udini/PhpstormProjects/1964541-task-force-4/1964541-task-force-4/vendor/yiisoft/yii2-debug/src/Module.php(226): yii\debug\Module->initPanels()
#11 /Users/g123udini/PhpstormProjects/1964541-task-force-4/1964541-task-force-4/vendor/yiisoft/yii2/base/BaseObject.php(109): yii\debug\Module->init()
#12 /Users/g123udini/PhpstormProjects/1964541-task-force-4/1964541-task-force-4/vendor/yiisoft/yii2/base/Module.php(161): yii\base\BaseObject->__construct(Array)
#13 [internal function]: yii\base\Module->__construct('debug', Object(yii\web\Application), Array)
#14 /Users/g123udini/PhpstormProjects/1964541-task-force-4/1964541-task-force-4/vendor/yiisoft/yii2/di/Container.php(411): ReflectionClass->newInstanceArgs(Array)
#15 /Users/g123udini/PhpstormProjects/1964541-task-force-4/1964541-task-force-4/vendor/yiisoft/yii2/di/Container.php(170): yii\di\Container->build('yii\\debug\\Modul...', Array, Array)
#16 /Users/g123udini/PhpstormProjects/1964541-task-force-4/1964541-task-force-4/vendor/yiisoft/yii2/BaseYii.php(365): yii\di\Container->get('yii\\debug\\Modul...', Array, Array)
#17 /Users/g123udini/PhpstormProjects/1964541-task-force-4/1964541-task-force-4/vendor/yiisoft/yii2/base/Module.php(445): yii\BaseYii::createObject(Array, Array)
#18 /Users/g123udini/PhpstormProjects/1964541-task-force-4/1964541-task-force-4/vendor/yiisoft/yii2/base/Application.php(313): yii\base\Module->getModule('debug')
#19 /Users/g123udini/PhpstormProjects/1964541-task-force-4/1964541-task-force-4/vendor/yiisoft/yii2/web/Application.php(69): yii\base\Application->bootstrap()
#20 /Users/g123udini/PhpstormProjects/1964541-task-force-4/1964541-task-force-4/vendor/yiisoft/yii2/base/Application.php(271): yii\web\Application->bootstrap()
#21 /Users/g123udini/PhpstormProjects/1964541-task-force-4/1964541-task-force-4/vendor/yiisoft/yii2/base/BaseObject.php(109): yii\base\Application->init()
#22 /Users/g123udini/PhpstormProjects/1964541-task-force-4/1964541-task-force-4/vendor/yiisoft/yii2/base/Application.php(204): yii\base\BaseObject->__construct(Array)
#23 /Users/g123udini/PhpstormProjects/1964541-task-force-4/1964541-task-force-4/web/index.php(12): yii\base\Application->__construct(Array)
#24 {main}
2022-10-09 15:08:06 [127.0.0.1][-][frlpkkdq1i0b7sillpr4rmrst2][info][application] $_GET = []

$_POST = []

$_FILES = []

$_COOKIE = [
    'Phpstorm-6524a58a' => '5ae253d1-2850-4f81-97c0-efa9c1ff08be'
    'PHPSESSID' => 'frlpkkdq1i0b7sillpr4rmrst2'
    '_csrf' => '32ebb1ee2f7e24062b1e7a6a7ce68940954ee23897bbcc394212497ff9933b00a:2:{i:0;s:5:\"_csrf\";i:1;s:32:\"oGAjQd0pmP8S5oyax7W52IzwP7sErCwj\";}'
]

$_SESSION = [
    '__flash' => []
    '__returnUrl' => 'http://localhost:8080/task'
    '__id' => 3
    '__authKey' => null
]

$_SERVER = [
    'USER' => 'g123udini'
    'HOME' => '/Users/g123udini'
    'HTTP_COOKIE' => 'Phpstorm-6524a58a=5ae253d1-2850-4f81-97c0-efa9c1ff08be; PHPSESSID=frlpkkdq1i0b7sillpr4rmrst2; _csrf=32ebb1ee2f7e24062b1e7a6a7ce68940954ee23897bbcc394212497ff9933b00a%3A2%3A%7Bi%3A0%3Bs%3A5%3A%22_csrf%22%3Bi%3A1%3Bs%3A32%3A%22oGAjQd0pmP8S5oyax7W52IzwP7sErCwj%22%3B%7D'
    'HTTP_ACCEPT_LANGUAGE' => 'ru-RU,ru;q=0.9,en-US;q=0.8,en;q=0.7'
    'HTTP_ACCEPT_ENCODING' => 'gzip, deflate, br'
    'HTTP_SEC_FETCH_DEST' => 'document'
    'HTTP_SEC_FETCH_USER' => '?1'
    'HTTP_SEC_FETCH_MODE' => 'navigate'
    'HTTP_SEC_FETCH_SITE' => 'none'
    'HTTP_ACCEPT' => 'text/html,application/xhtml+xml,application/xml;q=0.9,image/avif,image/webp,image/apng,*/*;q=0.8,application/signed-exchange;v=b3;q=0.9'
    'HTTP_USER_AGENT' => 'Mozilla/5.0 (Macintosh; Intel Mac OS X 10_15_7) AppleWebKit/537.36 (KHTML, like Gecko) Chrome/104.0.0.0 Safari/537.36'
    'HTTP_UPGRADE_INSECURE_REQUESTS' => '1'
    'HTTP_SEC_CH_UA_PLATFORM' => '\"macOS\"'
    'HTTP_SEC_CH_UA_MOBILE' => '?0'
    'HTTP_SEC_CH_UA' => '\"Chromium\";v=\"104\", \" Not A;Brand\";v=\"99\", \"Google Chrome\";v=\"104\"'
    'HTTP_CONNECTION' => 'keep-alive'
    'HTTP_HOST' => 'localhost:8080'
    'SCRIPT_FILENAME' => '/Users/g123udini/PhpstormProjects/1964541-task-force-4/1964541-task-force-4/web/index.php'
    'PATH_INFO' => ''
    'REDIRECT_STATUS' => '200'
    'SERVER_NAME' => 'localhost'
    'SERVER_PORT' => '8080'
    'SERVER_ADDR' => '127.0.0.1'
    'REMOTE_PORT' => '57744'
    'REMOTE_ADDR' => '127.0.0.1'
    'SERVER_SOFTWARE' => 'nginx/1.21.6'
    'GATEWAY_INTERFACE' => 'CGI/1.1'
    'REQUEST_SCHEME' => 'http'
    'SERVER_PROTOCOL' => 'HTTP/1.1'
    'DOCUMENT_ROOT' => '/Users/g123udini/PhpstormProjects/1964541-task-force-4/1964541-task-force-4/web'
    'DOCUMENT_URI' => '/index.php'
    'REQUEST_URI' => '/login'
    'SCRIPT_NAME' => '/index.php'
    'CONTENT_LENGTH' => ''
    'CONTENT_TYPE' => ''
    'REQUEST_METHOD' => 'GET'
    'QUERY_STRING' => ''
    'FCGI_ROLE' => 'RESPONDER'
    'PHP_SELF' => '/index.php'
    'REQUEST_TIME_FLOAT' => 1665328086.2838
    'REQUEST_TIME' => 1665328086
]
2022-10-09 15:08:08 [127.0.0.1][-][frlpkkdq1i0b7sillpr4rmrst2][error][Error] Error: Class "app\models\User" not found in /Users/g123udini/PhpstormProjects/1964541-task-force-4/1964541-task-force-4/vendor/yiisoft/yii2/web/User.php:698
Stack trace:
#0 /Users/g123udini/PhpstormProjects/1964541-task-force-4/1964541-task-force-4/vendor/yiisoft/yii2/web/User.php(199): yii\web\User->renewAuthStatus()
#1 /Users/g123udini/PhpstormProjects/1964541-task-force-4/1964541-task-force-4/vendor/yiisoft/yii2/web/User.php(367): yii\web\User->getIdentity()
#2 /Users/g123udini/PhpstormProjects/1964541-task-force-4/1964541-task-force-4/vendor/yiisoft/yii2/base/Component.php(139): yii\web\User->getIsGuest()
#3 /Users/g123udini/PhpstormProjects/1964541-task-force-4/1964541-task-force-4/vendor/yiisoft/yii2-debug/src/panels/UserPanel.php(83): yii\base\Component->__get('isGuest')
#4 /Users/g123udini/PhpstormProjects/1964541-task-force-4/1964541-task-force-4/vendor/yiisoft/yii2/base/BaseObject.php(109): yii\debug\panels\UserPanel->init()
#5 [internal function]: yii\base\BaseObject->__construct(Array)
#6 /Users/g123udini/PhpstormProjects/1964541-task-force-4/1964541-task-force-4/vendor/yiisoft/yii2/di/Container.php(419): ReflectionClass->newInstanceArgs(Array)
#7 /Users/g123udini/PhpstormProjects/1964541-task-force-4/1964541-task-force-4/vendor/yiisoft/yii2/di/Container.php(170): yii\di\Container->build('yii\\debug\\panel...', Array, Array)
#8 /Users/g123udini/PhpstormProjects/1964541-task-force-4/1964541-task-force-4/vendor/yiisoft/yii2/BaseYii.php(365): yii\di\Container->get('yii\\debug\\panel...', Array, Array)
#9 /Users/g123udini/PhpstormProjects/1964541-task-force-4/1964541-task-force-4/vendor/yiisoft/yii2-debug/src/Module.php(255): yii\BaseYii::createObject(Array)
#10 /Users/g123udini/PhpstormProjects/1964541-task-force-4/1964541-task-force-4/vendor/yiisoft/yii2-debug/src/Module.php(226): yii\debug\Module->initPanels()
#11 /Users/g123udini/PhpstormProjects/1964541-task-force-4/1964541-task-force-4/vendor/yiisoft/yii2/base/BaseObject.php(109): yii\debug\Module->init()
#12 /Users/g123udini/PhpstormProjects/1964541-task-force-4/1964541-task-force-4/vendor/yiisoft/yii2/base/Module.php(161): yii\base\BaseObject->__construct(Array)
#13 [internal function]: yii\base\Module->__construct('debug', Object(yii\web\Application), Array)
#14 /Users/g123udini/PhpstormProjects/1964541-task-force-4/1964541-task-force-4/vendor/yiisoft/yii2/di/Container.php(411): ReflectionClass->newInstanceArgs(Array)
#15 /Users/g123udini/PhpstormProjects/1964541-task-force-4/1964541-task-force-4/vendor/yiisoft/yii2/di/Container.php(170): yii\di\Container->build('yii\\debug\\Modul...', Array, Array)
#16 /Users/g123udini/PhpstormProjects/1964541-task-force-4/1964541-task-force-4/vendor/yiisoft/yii2/BaseYii.php(365): yii\di\Container->get('yii\\debug\\Modul...', Array, Array)
#17 /Users/g123udini/PhpstormProjects/1964541-task-force-4/1964541-task-force-4/vendor/yiisoft/yii2/base/Module.php(445): yii\BaseYii::createObject(Array, Array)
#18 /Users/g123udini/PhpstormProjects/1964541-task-force-4/1964541-task-force-4/vendor/yiisoft/yii2/base/Application.php(313): yii\base\Module->getModule('debug')
#19 /Users/g123udini/PhpstormProjects/1964541-task-force-4/1964541-task-force-4/vendor/yiisoft/yii2/web/Application.php(69): yii\base\Application->bootstrap()
#20 /Users/g123udini/PhpstormProjects/1964541-task-force-4/1964541-task-force-4/vendor/yiisoft/yii2/base/Application.php(271): yii\web\Application->bootstrap()
#21 /Users/g123udini/PhpstormProjects/1964541-task-force-4/1964541-task-force-4/vendor/yiisoft/yii2/base/BaseObject.php(109): yii\base\Application->init()
#22 /Users/g123udini/PhpstormProjects/1964541-task-force-4/1964541-task-force-4/vendor/yiisoft/yii2/base/Application.php(204): yii\base\BaseObject->__construct(Array)
#23 /Users/g123udini/PhpstormProjects/1964541-task-force-4/1964541-task-force-4/web/index.php(12): yii\base\Application->__construct(Array)
#24 {main}
2022-10-09 15:08:08 [127.0.0.1][-][frlpkkdq1i0b7sillpr4rmrst2][info][application] $_GET = []

$_POST = []

$_FILES = []

$_COOKIE = [
    'Phpstorm-6524a58a' => '5ae253d1-2850-4f81-97c0-efa9c1ff08be'
    'PHPSESSID' => 'frlpkkdq1i0b7sillpr4rmrst2'
    '_csrf' => '32ebb1ee2f7e24062b1e7a6a7ce68940954ee23897bbcc394212497ff9933b00a:2:{i:0;s:5:\"_csrf\";i:1;s:32:\"oGAjQd0pmP8S5oyax7W52IzwP7sErCwj\";}'
]

$_SESSION = [
    '__flash' => []
    '__returnUrl' => 'http://localhost:8080/task'
    '__id' => 3
    '__authKey' => null
]

$_SERVER = [
    'USER' => 'g123udini'
    'HOME' => '/Users/g123udini'
    'HTTP_COOKIE' => 'Phpstorm-6524a58a=5ae253d1-2850-4f81-97c0-efa9c1ff08be; PHPSESSID=frlpkkdq1i0b7sillpr4rmrst2; _csrf=32ebb1ee2f7e24062b1e7a6a7ce68940954ee23897bbcc394212497ff9933b00a%3A2%3A%7Bi%3A0%3Bs%3A5%3A%22_csrf%22%3Bi%3A1%3Bs%3A32%3A%22oGAjQd0pmP8S5oyax7W52IzwP7sErCwj%22%3B%7D'
    'HTTP_ACCEPT_LANGUAGE' => 'ru-RU,ru;q=0.9,en-US;q=0.8,en;q=0.7'
    'HTTP_ACCEPT_ENCODING' => 'gzip, deflate, br'
    'HTTP_SEC_FETCH_DEST' => 'document'
    'HTTP_SEC_FETCH_USER' => '?1'
    'HTTP_SEC_FETCH_MODE' => 'navigate'
    'HTTP_SEC_FETCH_SITE' => 'none'
    'HTTP_ACCEPT' => 'text/html,application/xhtml+xml,application/xml;q=0.9,image/avif,image/webp,image/apng,*/*;q=0.8,application/signed-exchange;v=b3;q=0.9'
    'HTTP_USER_AGENT' => 'Mozilla/5.0 (Macintosh; Intel Mac OS X 10_15_7) AppleWebKit/537.36 (KHTML, like Gecko) Chrome/104.0.0.0 Safari/537.36'
    'HTTP_UPGRADE_INSECURE_REQUESTS' => '1'
    'HTTP_SEC_CH_UA_PLATFORM' => '\"macOS\"'
    'HTTP_SEC_CH_UA_MOBILE' => '?0'
    'HTTP_SEC_CH_UA' => '\"Chromium\";v=\"104\", \" Not A;Brand\";v=\"99\", \"Google Chrome\";v=\"104\"'
    'HTTP_CACHE_CONTROL' => 'max-age=0'
    'HTTP_CONNECTION' => 'keep-alive'
    'HTTP_HOST' => 'localhost:8080'
    'SCRIPT_FILENAME' => '/Users/g123udini/PhpstormProjects/1964541-task-force-4/1964541-task-force-4/web/index.php'
    'PATH_INFO' => ''
    'REDIRECT_STATUS' => '200'
    'SERVER_NAME' => 'localhost'
    'SERVER_PORT' => '8080'
    'SERVER_ADDR' => '127.0.0.1'
    'REMOTE_PORT' => '57744'
    'REMOTE_ADDR' => '127.0.0.1'
    'SERVER_SOFTWARE' => 'nginx/1.21.6'
    'GATEWAY_INTERFACE' => 'CGI/1.1'
    'REQUEST_SCHEME' => 'http'
    'SERVER_PROTOCOL' => 'HTTP/1.1'
    'DOCUMENT_ROOT' => '/Users/g123udini/PhpstormProjects/1964541-task-force-4/1964541-task-force-4/web'
    'DOCUMENT_URI' => '/index.php'
    'REQUEST_URI' => '/login'
    'SCRIPT_NAME' => '/index.php'
    'CONTENT_LENGTH' => ''
    'CONTENT_TYPE' => ''
    'REQUEST_METHOD' => 'GET'
    'QUERY_STRING' => ''
    'FCGI_ROLE' => 'RESPONDER'
    'PHP_SELF' => '/index.php'
    'REQUEST_TIME_FLOAT' => 1665328088.7943
    'REQUEST_TIME' => 1665328088
]
2022-10-09 15:08:14 [127.0.0.1][-][frlpkkdq1i0b7sillpr4rmrst2][error][Error] Error: Class "app\models\User" not found in /Users/g123udini/PhpstormProjects/1964541-task-force-4/1964541-task-force-4/vendor/yiisoft/yii2/web/User.php:698
Stack trace:
#0 /Users/g123udini/PhpstormProjects/1964541-task-force-4/1964541-task-force-4/vendor/yiisoft/yii2/web/User.php(199): yii\web\User->renewAuthStatus()
#1 /Users/g123udini/PhpstormProjects/1964541-task-force-4/1964541-task-force-4/vendor/yiisoft/yii2/web/User.php(367): yii\web\User->getIdentity()
#2 /Users/g123udini/PhpstormProjects/1964541-task-force-4/1964541-task-force-4/vendor/yiisoft/yii2/base/Component.php(139): yii\web\User->getIsGuest()
#3 /Users/g123udini/PhpstormProjects/1964541-task-force-4/1964541-task-force-4/vendor/yiisoft/yii2-debug/src/panels/UserPanel.php(83): yii\base\Component->__get('isGuest')
#4 /Users/g123udini/PhpstormProjects/1964541-task-force-4/1964541-task-force-4/vendor/yiisoft/yii2/base/BaseObject.php(109): yii\debug\panels\UserPanel->init()
#5 [internal function]: yii\base\BaseObject->__construct(Array)
#6 /Users/g123udini/PhpstormProjects/1964541-task-force-4/1964541-task-force-4/vendor/yiisoft/yii2/di/Container.php(419): ReflectionClass->newInstanceArgs(Array)
#7 /Users/g123udini/PhpstormProjects/1964541-task-force-4/1964541-task-force-4/vendor/yiisoft/yii2/di/Container.php(170): yii\di\Container->build('yii\\debug\\panel...', Array, Array)
#8 /Users/g123udini/PhpstormProjects/1964541-task-force-4/1964541-task-force-4/vendor/yiisoft/yii2/BaseYii.php(365): yii\di\Container->get('yii\\debug\\panel...', Array, Array)
#9 /Users/g123udini/PhpstormProjects/1964541-task-force-4/1964541-task-force-4/vendor/yiisoft/yii2-debug/src/Module.php(255): yii\BaseYii::createObject(Array)
#10 /Users/g123udini/PhpstormProjects/1964541-task-force-4/1964541-task-force-4/vendor/yiisoft/yii2-debug/src/Module.php(226): yii\debug\Module->initPanels()
#11 /Users/g123udini/PhpstormProjects/1964541-task-force-4/1964541-task-force-4/vendor/yiisoft/yii2/base/BaseObject.php(109): yii\debug\Module->init()
#12 /Users/g123udini/PhpstormProjects/1964541-task-force-4/1964541-task-force-4/vendor/yiisoft/yii2/base/Module.php(161): yii\base\BaseObject->__construct(Array)
#13 [internal function]: yii\base\Module->__construct('debug', Object(yii\web\Application), Array)
#14 /Users/g123udini/PhpstormProjects/1964541-task-force-4/1964541-task-force-4/vendor/yiisoft/yii2/di/Container.php(411): ReflectionClass->newInstanceArgs(Array)
#15 /Users/g123udini/PhpstormProjects/1964541-task-force-4/1964541-task-force-4/vendor/yiisoft/yii2/di/Container.php(170): yii\di\Container->build('yii\\debug\\Modul...', Array, Array)
#16 /Users/g123udini/PhpstormProjects/1964541-task-force-4/1964541-task-force-4/vendor/yiisoft/yii2/BaseYii.php(365): yii\di\Container->get('yii\\debug\\Modul...', Array, Array)
#17 /Users/g123udini/PhpstormProjects/1964541-task-force-4/1964541-task-force-4/vendor/yiisoft/yii2/base/Module.php(445): yii\BaseYii::createObject(Array, Array)
#18 /Users/g123udini/PhpstormProjects/1964541-task-force-4/1964541-task-force-4/vendor/yiisoft/yii2/base/Application.php(313): yii\base\Module->getModule('debug')
#19 /Users/g123udini/PhpstormProjects/1964541-task-force-4/1964541-task-force-4/vendor/yiisoft/yii2/web/Application.php(69): yii\base\Application->bootstrap()
#20 /Users/g123udini/PhpstormProjects/1964541-task-force-4/1964541-task-force-4/vendor/yiisoft/yii2/base/Application.php(271): yii\web\Application->bootstrap()
#21 /Users/g123udini/PhpstormProjects/1964541-task-force-4/1964541-task-force-4/vendor/yiisoft/yii2/base/BaseObject.php(109): yii\base\Application->init()
#22 /Users/g123udini/PhpstormProjects/1964541-task-force-4/1964541-task-force-4/vendor/yiisoft/yii2/base/Application.php(204): yii\base\BaseObject->__construct(Array)
#23 /Users/g123udini/PhpstormProjects/1964541-task-force-4/1964541-task-force-4/web/index.php(12): yii\base\Application->__construct(Array)
#24 {main}
2022-10-09 15:08:14 [127.0.0.1][-][frlpkkdq1i0b7sillpr4rmrst2][info][application] $_GET = []

$_POST = []

$_FILES = []

$_COOKIE = [
    'Phpstorm-6524a58a' => '5ae253d1-2850-4f81-97c0-efa9c1ff08be'
    'PHPSESSID' => 'frlpkkdq1i0b7sillpr4rmrst2'
    '_csrf' => '32ebb1ee2f7e24062b1e7a6a7ce68940954ee23897bbcc394212497ff9933b00a:2:{i:0;s:5:\"_csrf\";i:1;s:32:\"oGAjQd0pmP8S5oyax7W52IzwP7sErCwj\";}'
]

$_SESSION = [
    '__flash' => []
    '__returnUrl' => 'http://localhost:8080/task'
    '__id' => 3
    '__authKey' => null
]

$_SERVER = [
    'USER' => 'g123udini'
    'HOME' => '/Users/g123udini'
    'HTTP_COOKIE' => 'Phpstorm-6524a58a=5ae253d1-2850-4f81-97c0-efa9c1ff08be; PHPSESSID=frlpkkdq1i0b7sillpr4rmrst2; _csrf=32ebb1ee2f7e24062b1e7a6a7ce68940954ee23897bbcc394212497ff9933b00a%3A2%3A%7Bi%3A0%3Bs%3A5%3A%22_csrf%22%3Bi%3A1%3Bs%3A32%3A%22oGAjQd0pmP8S5oyax7W52IzwP7sErCwj%22%3B%7D'
    'HTTP_ACCEPT_LANGUAGE' => 'ru-RU,ru;q=0.9,en-US;q=0.8,en;q=0.7'
    'HTTP_ACCEPT_ENCODING' => 'gzip, deflate, br'
    'HTTP_REFERER' => 'http://localhost:8080/task/view/5'
    'HTTP_SEC_FETCH_DEST' => 'document'
    'HTTP_SEC_FETCH_MODE' => 'navigate'
    'HTTP_SEC_FETCH_SITE' => 'same-origin'
    'HTTP_ACCEPT' => 'text/html,application/xhtml+xml,application/xml;q=0.9,image/avif,image/webp,image/apng,*/*;q=0.8,application/signed-exchange;v=b3;q=0.9'
    'HTTP_USER_AGENT' => 'Mozilla/5.0 (Macintosh; Intel Mac OS X 10_15_7) AppleWebKit/537.36 (KHTML, like Gecko) Chrome/104.0.0.0 Safari/537.36'
    'HTTP_UPGRADE_INSECURE_REQUESTS' => '1'
    'HTTP_SEC_CH_UA_PLATFORM' => '\"macOS\"'
    'HTTP_SEC_CH_UA_MOBILE' => '?0'
    'HTTP_SEC_CH_UA' => '\"Chromium\";v=\"104\", \" Not A;Brand\";v=\"99\", \"Google Chrome\";v=\"104\"'
    'HTTP_CONNECTION' => 'keep-alive'
    'HTTP_HOST' => 'localhost:8080'
    'SCRIPT_FILENAME' => '/Users/g123udini/PhpstormProjects/1964541-task-force-4/1964541-task-force-4/web/index.php'
    'PATH_INFO' => ''
    'REDIRECT_STATUS' => '200'
    'SERVER_NAME' => 'localhost'
    'SERVER_PORT' => '8080'
    'SERVER_ADDR' => '127.0.0.1'
    'REMOTE_PORT' => '57744'
    'REMOTE_ADDR' => '127.0.0.1'
    'SERVER_SOFTWARE' => 'nginx/1.21.6'
    'GATEWAY_INTERFACE' => 'CGI/1.1'
    'REQUEST_SCHEME' => 'http'
    'SERVER_PROTOCOL' => 'HTTP/1.1'
    'DOCUMENT_ROOT' => '/Users/g123udini/PhpstormProjects/1964541-task-force-4/1964541-task-force-4/web'
    'DOCUMENT_URI' => '/index.php'
    'REQUEST_URI' => '/task/index'
    'SCRIPT_NAME' => '/index.php'
    'CONTENT_LENGTH' => ''
    'CONTENT_TYPE' => ''
    'REQUEST_METHOD' => 'GET'
    'QUERY_STRING' => ''
    'FCGI_ROLE' => 'RESPONDER'
    'PHP_SELF' => '/index.php'
    'REQUEST_TIME_FLOAT' => 1665328094.7957
    'REQUEST_TIME' => 1665328094
]
2022-10-09 15:08:15 [127.0.0.1][-][frlpkkdq1i0b7sillpr4rmrst2][error][Error] Error: Class "app\models\User" not found in /Users/g123udini/PhpstormProjects/1964541-task-force-4/1964541-task-force-4/vendor/yiisoft/yii2/web/User.php:698
Stack trace:
#0 /Users/g123udini/PhpstormProjects/1964541-task-force-4/1964541-task-force-4/vendor/yiisoft/yii2/web/User.php(199): yii\web\User->renewAuthStatus()
#1 /Users/g123udini/PhpstormProjects/1964541-task-force-4/1964541-task-force-4/vendor/yiisoft/yii2/web/User.php(367): yii\web\User->getIdentity()
#2 /Users/g123udini/PhpstormProjects/1964541-task-force-4/1964541-task-force-4/vendor/yiisoft/yii2/base/Component.php(139): yii\web\User->getIsGuest()
#3 /Users/g123udini/PhpstormProjects/1964541-task-force-4/1964541-task-force-4/vendor/yiisoft/yii2-debug/src/panels/UserPanel.php(83): yii\base\Component->__get('isGuest')
#4 /Users/g123udini/PhpstormProjects/1964541-task-force-4/1964541-task-force-4/vendor/yiisoft/yii2/base/BaseObject.php(109): yii\debug\panels\UserPanel->init()
#5 [internal function]: yii\base\BaseObject->__construct(Array)
#6 /Users/g123udini/PhpstormProjects/1964541-task-force-4/1964541-task-force-4/vendor/yiisoft/yii2/di/Container.php(419): ReflectionClass->newInstanceArgs(Array)
#7 /Users/g123udini/PhpstormProjects/1964541-task-force-4/1964541-task-force-4/vendor/yiisoft/yii2/di/Container.php(170): yii\di\Container->build('yii\\debug\\panel...', Array, Array)
#8 /Users/g123udini/PhpstormProjects/1964541-task-force-4/1964541-task-force-4/vendor/yiisoft/yii2/BaseYii.php(365): yii\di\Container->get('yii\\debug\\panel...', Array, Array)
#9 /Users/g123udini/PhpstormProjects/1964541-task-force-4/1964541-task-force-4/vendor/yiisoft/yii2-debug/src/Module.php(255): yii\BaseYii::createObject(Array)
#10 /Users/g123udini/PhpstormProjects/1964541-task-force-4/1964541-task-force-4/vendor/yiisoft/yii2-debug/src/Module.php(226): yii\debug\Module->initPanels()
#11 /Users/g123udini/PhpstormProjects/1964541-task-force-4/1964541-task-force-4/vendor/yiisoft/yii2/base/BaseObject.php(109): yii\debug\Module->init()
#12 /Users/g123udini/PhpstormProjects/1964541-task-force-4/1964541-task-force-4/vendor/yiisoft/yii2/base/Module.php(161): yii\base\BaseObject->__construct(Array)
#13 [internal function]: yii\base\Module->__construct('debug', Object(yii\web\Application), Array)
#14 /Users/g123udini/PhpstormProjects/1964541-task-force-4/1964541-task-force-4/vendor/yiisoft/yii2/di/Container.php(411): ReflectionClass->newInstanceArgs(Array)
#15 /Users/g123udini/PhpstormProjects/1964541-task-force-4/1964541-task-force-4/vendor/yiisoft/yii2/di/Container.php(170): yii\di\Container->build('yii\\debug\\Modul...', Array, Array)
#16 /Users/g123udini/PhpstormProjects/1964541-task-force-4/1964541-task-force-4/vendor/yiisoft/yii2/BaseYii.php(365): yii\di\Container->get('yii\\debug\\Modul...', Array, Array)
#17 /Users/g123udini/PhpstormProjects/1964541-task-force-4/1964541-task-force-4/vendor/yiisoft/yii2/base/Module.php(445): yii\BaseYii::createObject(Array, Array)
#18 /Users/g123udini/PhpstormProjects/1964541-task-force-4/1964541-task-force-4/vendor/yiisoft/yii2/base/Application.php(313): yii\base\Module->getModule('debug')
#19 /Users/g123udini/PhpstormProjects/1964541-task-force-4/1964541-task-force-4/vendor/yiisoft/yii2/web/Application.php(69): yii\base\Application->bootstrap()
#20 /Users/g123udini/PhpstormProjects/1964541-task-force-4/1964541-task-force-4/vendor/yiisoft/yii2/base/Application.php(271): yii\web\Application->bootstrap()
#21 /Users/g123udini/PhpstormProjects/1964541-task-force-4/1964541-task-force-4/vendor/yiisoft/yii2/base/BaseObject.php(109): yii\base\Application->init()
#22 /Users/g123udini/PhpstormProjects/1964541-task-force-4/1964541-task-force-4/vendor/yiisoft/yii2/base/Application.php(204): yii\base\BaseObject->__construct(Array)
#23 /Users/g123udini/PhpstormProjects/1964541-task-force-4/1964541-task-force-4/web/index.php(12): yii\base\Application->__construct(Array)
#24 {main}
2022-10-09 15:08:15 [127.0.0.1][-][frlpkkdq1i0b7sillpr4rmrst2][info][application] $_GET = []

$_POST = []

$_FILES = []

$_COOKIE = [
    'Phpstorm-6524a58a' => '5ae253d1-2850-4f81-97c0-efa9c1ff08be'
    'PHPSESSID' => 'frlpkkdq1i0b7sillpr4rmrst2'
    '_csrf' => '32ebb1ee2f7e24062b1e7a6a7ce68940954ee23897bbcc394212497ff9933b00a:2:{i:0;s:5:\"_csrf\";i:1;s:32:\"oGAjQd0pmP8S5oyax7W52IzwP7sErCwj\";}'
]

$_SESSION = [
    '__flash' => []
    '__returnUrl' => 'http://localhost:8080/task'
    '__id' => 3
    '__authKey' => null
]

$_SERVER = [
    'USER' => 'g123udini'
    'HOME' => '/Users/g123udini'
    'HTTP_COOKIE' => 'Phpstorm-6524a58a=5ae253d1-2850-4f81-97c0-efa9c1ff08be; PHPSESSID=frlpkkdq1i0b7sillpr4rmrst2; _csrf=32ebb1ee2f7e24062b1e7a6a7ce68940954ee23897bbcc394212497ff9933b00a%3A2%3A%7Bi%3A0%3Bs%3A5%3A%22_csrf%22%3Bi%3A1%3Bs%3A32%3A%22oGAjQd0pmP8S5oyax7W52IzwP7sErCwj%22%3B%7D'
    'HTTP_ACCEPT_LANGUAGE' => 'ru-RU,ru;q=0.9,en-US;q=0.8,en;q=0.7'
    'HTTP_ACCEPT_ENCODING' => 'gzip, deflate, br'
    'HTTP_SEC_FETCH_DEST' => 'document'
    'HTTP_SEC_FETCH_USER' => '?1'
    'HTTP_SEC_FETCH_MODE' => 'navigate'
    'HTTP_SEC_FETCH_SITE' => 'none'
    'HTTP_ACCEPT' => 'text/html,application/xhtml+xml,application/xml;q=0.9,image/avif,image/webp,image/apng,*/*;q=0.8,application/signed-exchange;v=b3;q=0.9'
    'HTTP_USER_AGENT' => 'Mozilla/5.0 (Macintosh; Intel Mac OS X 10_15_7) AppleWebKit/537.36 (KHTML, like Gecko) Chrome/104.0.0.0 Safari/537.36'
    'HTTP_UPGRADE_INSECURE_REQUESTS' => '1'
    'HTTP_SEC_CH_UA_PLATFORM' => '\"macOS\"'
    'HTTP_SEC_CH_UA_MOBILE' => '?0'
    'HTTP_SEC_CH_UA' => '\"Chromium\";v=\"104\", \" Not A;Brand\";v=\"99\", \"Google Chrome\";v=\"104\"'
    'HTTP_CONNECTION' => 'keep-alive'
    'HTTP_HOST' => 'localhost:8080'
    'SCRIPT_FILENAME' => '/Users/g123udini/PhpstormProjects/1964541-task-force-4/1964541-task-force-4/web/index.php'
    'PATH_INFO' => ''
    'REDIRECT_STATUS' => '200'
    'SERVER_NAME' => 'localhost'
    'SERVER_PORT' => '8080'
    'SERVER_ADDR' => '127.0.0.1'
    'REMOTE_PORT' => '57744'
    'REMOTE_ADDR' => '127.0.0.1'
    'SERVER_SOFTWARE' => 'nginx/1.21.6'
    'GATEWAY_INTERFACE' => 'CGI/1.1'
    'REQUEST_SCHEME' => 'http'
    'SERVER_PROTOCOL' => 'HTTP/1.1'
    'DOCUMENT_ROOT' => '/Users/g123udini/PhpstormProjects/1964541-task-force-4/1964541-task-force-4/web'
    'DOCUMENT_URI' => '/index.php'
    'REQUEST_URI' => '/login'
    'SCRIPT_NAME' => '/index.php'
    'CONTENT_LENGTH' => ''
    'CONTENT_TYPE' => ''
    'REQUEST_METHOD' => 'GET'
    'QUERY_STRING' => ''
    'FCGI_ROLE' => 'RESPONDER'
    'PHP_SELF' => '/index.php'
    'REQUEST_TIME_FLOAT' => 1665328095.5102
    'REQUEST_TIME' => 1665328095
]
